This file contains any messages produced by compilers while
running configure, to aid debugging if configure makes a mistake.

It was created by configure, which was
generated by GNU Autoconf 2.69.  Invocation command line was

  $ ./configure 

## --------- ##
## Platform. ##
## --------- ##

hostname = briel-Inspiron-5548
uname -m = x86_64
uname -r = 4.13.0-46-generic
uname -s = Linux
uname -v = #51-Ubuntu SMP Tue Jun 12 12:36:29 UTC 2018

/usr/bin/uname -p = unknown
/bin/uname -X     = unknown

/bin/arch              = unknown
/usr/bin/arch -k       = unknown
/usr/convex/getsysinfo = unknown
/usr/bin/hostinfo      = unknown
/bin/machine           = unknown
/usr/bin/oslevel       = unknown
/bin/universe          = unknown

PATH: /home/briel/.nvm/versions/node/v9.11.1/bin
PATH: /home/briel/.rvm/gems/ruby-2.5.3/bin
PATH: /home/briel/.rvm/gems/ruby-2.5.3@global/bin
PATH: /home/briel/.rvm/rubies/ruby-2.5.3/bin
PATH: /usr/local/sbin
PATH: /usr/local/bin
PATH: /usr/sbin
PATH: /usr/bin
PATH: /sbin
PATH: /bin
PATH: /usr/games
PATH: /usr/local/games
PATH: /snap/bin
PATH: /home/briel/.dotnet/tools
PATH: /usr/lib/jvm/java-8-oracle/bin
PATH: /usr/lib/jvm/java-8-oracle/db/bin
PATH: /usr/lib/jvm/java-8-oracle/jre/bin
PATH: /home/briel/.rvm/bin
PATH: /home/briel/.rvm/bin
PATH: /home/briel/.dotnet/tools
PATH: /usr/lib/jvm/java-8-oracle/bin
PATH: /usr/lib/jvm/java-8-oracle/db/bin
PATH: /usr/lib/jvm/java-8-oracle/jre/bin
PATH: /home/briel/.rvm/bin
PATH: /home/briel/.rvm/bin
PATH: /home/briel/.rvm/bin
PATH: /home/briel/.rvm/bin


## ----------- ##
## Core tests. ##
## ----------- ##

configure:2345: checking build system type
configure:2359: result: x86_64-unknown-linux-gnu
configure:2379: checking host system type
configure:2392: result: x86_64-unknown-linux-gnu
configure:2412: checking target system type
configure:2425: result: x86_64-unknown-linux-gnu
configure:2468: checking for a BSD-compatible install
configure:2536: result: /usr/bin/install -c
configure:2547: checking whether build environment is sane
configure:2584: result: yes
configure:2614: checking for gawk
configure:2630: found /usr/bin/gawk
configure:2641: result: gawk
configure:2652: checking whether make sets $(MAKE)
configure:2674: result: yes
configure:2901: checking for gcc
configure:2917: found /usr/bin/gcc
configure:2928: result: gcc
configure:3157: checking for C compiler version
configure:3166: gcc --version >&5
gcc (Ubuntu 7.2.0-8ubuntu3.2) 7.2.0
Copyright (C) 2017 Free Software Foundation, Inc.
This is free software; see the source for copying conditions.  There is NO
warranty; not even for MERCHANTABILITY or FITNESS FOR A PARTICULAR PURPOSE.

configure:3177: $? = 0
configure:3166: gcc -v >&5
Using built-in specs.
COLLECT_GCC=gcc
COLLECT_LTO_WRAPPER=/usr/lib/gcc/x86_64-linux-gnu/7/lto-wrapper
OFFLOAD_TARGET_NAMES=nvptx-none
OFFLOAD_TARGET_DEFAULT=1
Target: x86_64-linux-gnu
Configured with: ../src/configure -v --with-pkgversion='Ubuntu 7.2.0-8ubuntu3.2' --with-bugurl=file:///usr/share/doc/gcc-7/README.Bugs --enable-languages=c,ada,c++,go,brig,d,fortran,objc,obj-c++ --prefix=/usr --with-gcc-major-version-only --program-suffix=-7 --program-prefix=x86_64-linux-gnu- --enable-shared --enable-linker-build-id --libexecdir=/usr/lib --without-included-gettext --enable-threads=posix --libdir=/usr/lib --enable-nls --with-sysroot=/ --enable-clocale=gnu --enable-libstdcxx-debug --enable-libstdcxx-time=yes --with-default-libstdcxx-abi=new --enable-gnu-unique-object --disable-vtable-verify --enable-libmpx --enable-plugin --enable-default-pie --with-system-zlib --with-target-system-zlib --enable-objc-gc=auto --enable-multiarch --disable-werror --with-arch-32=i686 --with-abi=m64 --with-multilib-list=m32,m64,mx32 --enable-multilib --with-tune=generic --enable-offload-targets=nvptx-none --without-cuda-driver --enable-checking=release --build=x86_64-linux-gnu --host=x86_64-linux-gnu --target=x86_64-linux-gnu
Thread model: posix
gcc version 7.2.0 (Ubuntu 7.2.0-8ubuntu3.2) 
configure:3177: $? = 0
configure:3166: gcc -V >&5
gcc: error: unrecognized command line option '-V'
gcc: fatal error: no input files
compilation terminated.
configure:3177: $? = 1
configure:3166: gcc -qversion >&5
gcc: error: unrecognized command line option '-qversion'; did you mean '--version'?
gcc: fatal error: no input files
compilation terminated.
configure:3177: $? = 1
configure:3197: checking whether the C compiler works
configure:3219: gcc    conftest.c  >&5
configure:3223: $? = 0
configure:3271: result: yes
configure:3274: checking for C compiler default output file name
configure:3276: result: a.out
configure:3282: checking for suffix of executables
configure:3289: gcc -o conftest    conftest.c  >&5
configure:3293: $? = 0
configure:3315: result: 
configure:3337: checking whether we are cross compiling
configure:3345: gcc -o conftest    conftest.c  >&5
configure:3349: $? = 0
configure:3356: ./conftest
configure:3360: $? = 0
configure:3375: result: no
configure:3380: checking for suffix of object files
configure:3402: gcc -c   conftest.c >&5
configure:3406: $? = 0
configure:3427: result: o
configure:3431: checking whether we are using the GNU C compiler
configure:3450: gcc -c   conftest.c >&5
configure:3450: $? = 0
configure:3459: result: yes
configure:3468: checking whether gcc accepts -g
configure:3488: gcc -c -g  conftest.c >&5
configure:3488: $? = 0
configure:3529: result: yes
configure:3546: checking for gcc option to accept ISO C89
configure:3609: gcc  -c -g -O2  conftest.c >&5
configure:3609: $? = 0
configure:3622: result: none needed
configure:3653: checking for style of include used by make
configure:3681: result: GNU
configure:3709: checking dependency style of gcc
configure:3792: result: none
configure:3814: checking how to run the C preprocessor
configure:3845: gcc -E  conftest.c
configure:3845: $? = 0
configure:3859: gcc -E  conftest.c
conftest.c:11:10: fatal error: ac_nonexistent.h: No such file or directory
 #include <ac_nonexistent.h>
          ^~~~~~~~~~~~~~~~~~
compilation terminated.
configure:3859: $? = 1
configure: failed program was:
| /* confdefs.h */
| #define PACKAGE_NAME ""
| #define PACKAGE_TARNAME ""
| #define PACKAGE_VERSION ""
| #define PACKAGE_STRING ""
| #define PACKAGE_BUGREPORT ""
| #define PACKAGE_URL ""
| #define PACKAGE "netcat"
| #define VERSION "0.7.1"
| /* end confdefs.h.  */
| #include <ac_nonexistent.h>
configure:3884: result: gcc -E
configure:3904: gcc -E  conftest.c
configure:3904: $? = 0
configure:3918: gcc -E  conftest.c
conftest.c:11:10: fatal error: ac_nonexistent.h: No such file or directory
 #include <ac_nonexistent.h>
          ^~~~~~~~~~~~~~~~~~
compilation terminated.
configure:3918: $? = 1
configure: failed program was:
| /* confdefs.h */
| #define PACKAGE_NAME ""
| #define PACKAGE_TARNAME ""
| #define PACKAGE_VERSION ""
| #define PACKAGE_STRING ""
| #define PACKAGE_BUGREPORT ""
| #define PACKAGE_URL ""
| #define PACKAGE "netcat"
| #define VERSION "0.7.1"
| /* end confdefs.h.  */
| #include <ac_nonexistent.h>
configure:3989: checking for ranlib
configure:4005: found /usr/bin/ranlib
configure:4016: result: ranlib
configure:4044: checking for perl5
configure:4077: result: no
configure:4044: checking for perl
configure:4062: found /usr/bin/perl
configure:4074: result: /usr/bin/perl
configure:4088: checking for pod2man
configure:4106: found /usr/bin/pod2man
configure:4119: result: /usr/bin/pod2man
configure:4149: checking for msgfmt
configure:4177: result: /usr/bin/msgfmt
configure:4186: checking for gmsgfmt
configure:4217: result: /usr/bin/msgfmt
configure:4228: checking for xgettext
configure:4256: result: /usr/bin/xgettext
configure:4267: checking for msgmerge
configure:4294: result: /usr/bin/msgmerge
configure:4356: checking for ld used by GCC
configure:4419: result: /usr/bin/ld
configure:4426: checking if the linker (/usr/bin/ld) is GNU ld
GNU ld (GNU Binutils for Ubuntu) 2.29.1
configure:4438: result: yes
configure:4444: checking for shared library run path origin
configure:4457: result: done
configure:4875: checking whether NLS is requested
configure:4884: result: yes
configure:4901: checking for GNU gettext in libc
configure:4920: gcc -o conftest -g -O2   conftest.c  >&5
conftest.c: In function 'main':
conftest.c:18:8: warning: cast from pointer to integer of different size [-Wpointer-to-int-cast]
 return (int) gettext ("") + (int) ngettext ("", "", 0) + _nl_msg_cat_cntr + *_nl_domain_bindings
        ^
conftest.c:18:29: warning: cast from pointer to integer of different size [-Wpointer-to-int-cast]
 return (int) gettext ("") + (int) ngettext ("", "", 0) + _nl_msg_cat_cntr + *_nl_domain_bindings
                             ^
configure:4920: $? = 0
configure:4928: result: yes
configure:5561: checking for strerror in -lcposix
configure:5586: gcc -o conftest -g -O2   conftest.c -lcposix   >&5
/usr/bin/ld: cannot find -lcposix
collect2: error: ld returned 1 exit status
configure:5586: $? = 1
configure: failed program was:
| /* confdefs.h */
| #define PACKAGE_NAME ""
| #define PACKAGE_TARNAME ""
| #define PACKAGE_VERSION ""
| #define PACKAGE_STRING ""
| #define PACKAGE_BUGREPORT ""
| #define PACKAGE_URL ""
| #define PACKAGE "netcat"
| #define VERSION "0.7.1"
| #define ENABLE_NLS 1
| #define HAVE_GETTEXT 1
| #define HAVE_DCGETTEXT 1
| /* end confdefs.h.  */
| 
| /* Override any GCC internal prototype to avoid an error.
|    Use char because int might match the return type of a GCC
|    builtin and then its argument prototype would still apply.  */
| #ifdef __cplusplus
| extern "C"
| #endif
| char strerror ();
| int
| main ()
| {
| return strerror ();
|   ;
|   return 0;
| }
configure:5595: result: no
configure:5604: checking for grep that handles long lines and -e
configure:5662: result: /bin/grep
configure:5667: checking for egrep
configure:5729: result: /bin/grep -E
configure:5734: checking for ANSI C header files
configure:5754: gcc -c -g -O2  conftest.c >&5
configure:5754: $? = 0
configure:5827: gcc -o conftest -g -O2   conftest.c  >&5
configure:5827: $? = 0
configure:5827: ./conftest
configure:5827: $? = 0
configure:5838: result: yes
configure:5846: checking for an ANSI C-conforming const
configure:5912: gcc -c -g -O2  conftest.c >&5
configure:5912: $? = 0
configure:5919: result: yes
configure:5927: checking for inline
configure:5943: gcc -c -g -O2  conftest.c >&5
configure:5943: $? = 0
configure:5951: result: inline
configure:5974: checking for sys/types.h
configure:5974: gcc -c -g -O2  conftest.c >&5
configure:5974: $? = 0
configure:5974: result: yes
configure:5974: checking for sys/stat.h
configure:5974: gcc -c -g -O2  conftest.c >&5
configure:5974: $? = 0
configure:5974: result: yes
configure:5974: checking for stdlib.h
configure:5974: gcc -c -g -O2  conftest.c >&5
configure:5974: $? = 0
configure:5974: result: yes
configure:5974: checking for string.h
configure:5974: gcc -c -g -O2  conftest.c >&5
configure:5974: $? = 0
configure:5974: result: yes
configure:5974: checking for memory.h
configure:5974: gcc -c -g -O2  conftest.c >&5
configure:5974: $? = 0
configure:5974: result: yes
configure:5974: checking for strings.h
configure:5974: gcc -c -g -O2  conftest.c >&5
configure:5974: $? = 0
configure:5974: result: yes
configure:5974: checking for inttypes.h
configure:5974: gcc -c -g -O2  conftest.c >&5
configure:5974: $? = 0
configure:5974: result: yes
configure:5974: checking for stdint.h
configure:5974: gcc -c -g -O2  conftest.c >&5
configure:5974: $? = 0
configure:5974: result: yes
configure:5974: checking for unistd.h
configure:5974: gcc -c -g -O2  conftest.c >&5
configure:5974: $? = 0
configure:5974: result: yes
configure:5986: checking for off_t
configure:5986: gcc -c -g -O2  conftest.c >&5
configure:5986: $? = 0
configure:5986: gcc -c -g -O2  conftest.c >&5
conftest.c: In function 'main':
conftest.c:60:20: error: expected expression before ')' token
 if (sizeof ((off_t)))
                    ^
configure:5986: $? = 1
configure: failed program was:
| /* confdefs.h */
| #define PACKAGE_NAME ""
| #define PACKAGE_TARNAME ""
| #define PACKAGE_VERSION ""
| #define PACKAGE_STRING ""
| #define PACKAGE_BUGREPORT ""
| #define PACKAGE_URL ""
| #define PACKAGE "netcat"
| #define VERSION "0.7.1"
| #define ENABLE_NLS 1
| #define HAVE_GETTEXT 1
| #define HAVE_DCGETTEXT 1
| #define STDC_HEADERS 1
| #define HAVE_SYS_TYPES_H 1
| #define HAVE_SYS_STAT_H 1
| #define HAVE_STDLIB_H 1
| #define HAVE_STRING_H 1
| #define HAVE_MEMORY_H 1
| #define HAVE_STRINGS_H 1
| #define HAVE_INTTYPES_H 1
| #define HAVE_STDINT_H 1
| #define HAVE_UNISTD_H 1
| /* end confdefs.h.  */
| #include <stdio.h>
| #ifdef HAVE_SYS_TYPES_H
| # include <sys/types.h>
| #endif
| #ifdef HAVE_SYS_STAT_H
| # include <sys/stat.h>
| #endif
| #ifdef STDC_HEADERS
| # include <stdlib.h>
| # include <stddef.h>
| #else
| # ifdef HAVE_STDLIB_H
| #  include <stdlib.h>
| # endif
| #endif
| #ifdef HAVE_STRING_H
| # if !defined STDC_HEADERS && defined HAVE_MEMORY_H
| #  include <memory.h>
| # endif
| # include <string.h>
| #endif
| #ifdef HAVE_STRINGS_H
| # include <strings.h>
| #endif
| #ifdef HAVE_INTTYPES_H
| # include <inttypes.h>
| #endif
| #ifdef HAVE_STDINT_H
| # include <stdint.h>
| #endif
| #ifdef HAVE_UNISTD_H
| # include <unistd.h>
| #endif
| int
| main ()
| {
| if (sizeof ((off_t)))
| 	    return 0;
|   ;
|   return 0;
| }
configure:5986: result: yes
configure:5997: checking for size_t
configure:5997: gcc -c -g -O2  conftest.c >&5
configure:5997: $? = 0
configure:5997: gcc -c -g -O2  conftest.c >&5
conftest.c: In function 'main':
conftest.c:60:21: error: expected expression before ')' token
 if (sizeof ((size_t)))
                     ^
configure:5997: $? = 1
configure: failed program was:
| /* confdefs.h */
| #define PACKAGE_NAME ""
| #define PACKAGE_TARNAME ""
| #define PACKAGE_VERSION ""
| #define PACKAGE_STRING ""
| #define PACKAGE_BUGREPORT ""
| #define PACKAGE_URL ""
| #define PACKAGE "netcat"
| #define VERSION "0.7.1"
| #define ENABLE_NLS 1
| #define HAVE_GETTEXT 1
| #define HAVE_DCGETTEXT 1
| #define STDC_HEADERS 1
| #define HAVE_SYS_TYPES_H 1
| #define HAVE_SYS_STAT_H 1
| #define HAVE_STDLIB_H 1
| #define HAVE_STRING_H 1
| #define HAVE_MEMORY_H 1
| #define HAVE_STRINGS_H 1
| #define HAVE_INTTYPES_H 1
| #define HAVE_STDINT_H 1
| #define HAVE_UNISTD_H 1
| /* end confdefs.h.  */
| #include <stdio.h>
| #ifdef HAVE_SYS_TYPES_H
| # include <sys/types.h>
| #endif
| #ifdef HAVE_SYS_STAT_H
| # include <sys/stat.h>
| #endif
| #ifdef STDC_HEADERS
| # include <stdlib.h>
| # include <stddef.h>
| #else
| # ifdef HAVE_STDLIB_H
| #  include <stdlib.h>
| # endif
| #endif
| #ifdef HAVE_STRING_H
| # if !defined STDC_HEADERS && defined HAVE_MEMORY_H
| #  include <memory.h>
| # endif
| # include <string.h>
| #endif
| #ifdef HAVE_STRINGS_H
| # include <strings.h>
| #endif
| #ifdef HAVE_INTTYPES_H
| # include <inttypes.h>
| #endif
| #ifdef HAVE_STDINT_H
| # include <stdint.h>
| #endif
| #ifdef HAVE_UNISTD_H
| # include <unistd.h>
| #endif
| int
| main ()
| {
| if (sizeof ((size_t)))
| 	    return 0;
|   ;
|   return 0;
| }
configure:5997: result: yes
configure:6010: checking for working alloca.h
configure:6027: gcc -o conftest -g -O2   conftest.c  >&5
configure:6027: $? = 0
configure:6035: result: yes
configure:6043: checking for alloca
configure:6080: gcc -o conftest -g -O2   conftest.c  >&5
configure:6080: $? = 0
configure:6088: result: yes
configure:6200: checking for stdlib.h
configure:6200: result: yes
configure:6200: checking for unistd.h
configure:6200: result: yes
configure:6200: checking for sys/param.h
configure:6200: gcc -c -g -O2  conftest.c >&5
configure:6200: $? = 0
configure:6200: result: yes
configure:6220: checking for getpagesize
configure:6220: gcc -o conftest -g -O2   conftest.c  >&5
configure:6220: $? = 0
configure:6220: result: yes
configure:6229: checking for working mmap
configure:6378: gcc -o conftest -g -O2   conftest.c  >&5
configure:6378: $? = 0
configure:6378: ./conftest
configure:6378: $? = 0
configure:6388: result: yes
configure:6398: checking whether we are using the GNU C Library 2.1 or newer
configure:6425: result: yes
configure:6433: checking whether integer division by zero raises SIGFPE
configure:6490: gcc -o conftest -g -O2   conftest.c  >&5
conftest.c:49:5: warning: built-in function 'nan' declared as non-function
 int nan;
     ^~~
configure:6490: $? = 0
configure:6490: ./conftest
configure:6490: $? = 0
configure:6501: result: yes
configure:6514: checking for inttypes.h
configure:6531: gcc -c -g -O2  conftest.c >&5
configure:6531: $? = 0
configure:6538: result: yes
configure:6549: checking for stdint.h
configure:6566: gcc -c -g -O2  conftest.c >&5
configure:6566: $? = 0
configure:6573: result: yes
configure:6584: checking for unsigned long long
configure:6601: gcc -o conftest -g -O2   conftest.c  >&5
configure:6601: $? = 0
configure:6609: result: yes
configure:6633: checking for inttypes.h
configure:6651: gcc -c -g -O2  conftest.c >&5
configure:6651: $? = 0
configure:6659: result: yes
configure:6672: checking whether the inttypes.h PRIxNN macros are broken
configure:6693: gcc -c -g -O2  conftest.c >&5
configure:6693: $? = 0
configure:6701: result: no
configure:6718: checking argz.h usability
configure:6718: gcc -c -g -O2  conftest.c >&5
configure:6718: $? = 0
configure:6718: result: yes
configure:6718: checking argz.h presence
configure:6718: gcc -E  conftest.c
configure:6718: $? = 0
configure:6718: result: yes
configure:6718: checking for argz.h
configure:6718: result: yes
configure:6718: checking limits.h usability
configure:6718: gcc -c -g -O2  conftest.c >&5
configure:6718: $? = 0
configure:6718: result: yes
configure:6718: checking limits.h presence
configure:6718: gcc -E  conftest.c
configure:6718: $? = 0
configure:6718: result: yes
configure:6718: checking for limits.h
configure:6718: result: yes
configure:6718: checking locale.h usability
configure:6718: gcc -c -g -O2  conftest.c >&5
configure:6718: $? = 0
configure:6718: result: yes
configure:6718: checking locale.h presence
configure:6718: gcc -E  conftest.c
configure:6718: $? = 0
configure:6718: result: yes
configure:6718: checking for locale.h
configure:6718: result: yes
configure:6718: checking nl_types.h usability
configure:6718: gcc -c -g -O2  conftest.c >&5
configure:6718: $? = 0
configure:6718: result: yes
configure:6718: checking nl_types.h presence
configure:6718: gcc -E  conftest.c
configure:6718: $? = 0
configure:6718: result: yes
configure:6718: checking for nl_types.h
configure:6718: result: yes
configure:6718: checking malloc.h usability
configure:6718: gcc -c -g -O2  conftest.c >&5
configure:6718: $? = 0
configure:6718: result: yes
configure:6718: checking malloc.h presence
configure:6718: gcc -E  conftest.c
configure:6718: $? = 0
configure:6718: result: yes
configure:6718: checking for malloc.h
configure:6718: result: yes
configure:6718: checking stddef.h usability
configure:6718: gcc -c -g -O2  conftest.c >&5
configure:6718: $? = 0
configure:6718: result: yes
configure:6718: checking stddef.h presence
configure:6718: gcc -E  conftest.c
configure:6718: $? = 0
configure:6718: result: yes
configure:6718: checking for stddef.h
configure:6718: result: yes
configure:6718: checking for stdlib.h
configure:6718: result: yes
configure:6718: checking for string.h
configure:6718: result: yes
configure:6718: checking for unistd.h
configure:6718: result: yes
configure:6718: checking for sys/param.h
configure:6718: result: yes
configure:6733: checking for feof_unlocked
configure:6733: gcc -o conftest -g -O2   conftest.c  >&5
configure:6733: $? = 0
configure:6733: result: yes
configure:6733: checking for fgets_unlocked
configure:6733: gcc -o conftest -g -O2   conftest.c  >&5
configure:6733: $? = 0
configure:6733: result: yes
configure:6733: checking for getc_unlocked
configure:6733: gcc -o conftest -g -O2   conftest.c  >&5
configure:6733: $? = 0
configure:6733: result: yes
configure:6733: checking for getcwd
configure:6733: gcc -o conftest -g -O2   conftest.c  >&5
configure:6733: $? = 0
configure:6733: result: yes
configure:6733: checking for getegid
configure:6733: gcc -o conftest -g -O2   conftest.c  >&5
configure:6733: $? = 0
configure:6733: result: yes
configure:6733: checking for geteuid
configure:6733: gcc -o conftest -g -O2   conftest.c  >&5
configure:6733: $? = 0
configure:6733: result: yes
configure:6733: checking for getgid
configure:6733: gcc -o conftest -g -O2   conftest.c  >&5
configure:6733: $? = 0
configure:6733: result: yes
configure:6733: checking for getuid
configure:6733: gcc -o conftest -g -O2   conftest.c  >&5
configure:6733: $? = 0
configure:6733: result: yes
configure:6733: checking for mempcpy
configure:6733: gcc -o conftest -g -O2   conftest.c  >&5
conftest.c:77:6: warning: conflicting types for built-in function 'mempcpy' [-Wbuiltin-declaration-mismatch]
 char mempcpy ();
      ^~~~~~~
configure:6733: $? = 0
configure:6733: result: yes
configure:6733: checking for munmap
configure:6733: gcc -o conftest -g -O2   conftest.c  >&5
configure:6733: $? = 0
configure:6733: result: yes
configure:6733: checking for putenv
configure:6733: gcc -o conftest -g -O2   conftest.c  >&5
configure:6733: $? = 0
configure:6733: result: yes
configure:6733: checking for setenv
configure:6733: gcc -o conftest -g -O2   conftest.c  >&5
configure:6733: $? = 0
configure:6733: result: yes
configure:6733: checking for setlocale
configure:6733: gcc -o conftest -g -O2   conftest.c  >&5
configure:6733: $? = 0
configure:6733: result: yes
configure:6733: checking for stpcpy
configure:6733: gcc -o conftest -g -O2   conftest.c  >&5
conftest.c:82:6: warning: conflicting types for built-in function 'stpcpy' [-Wbuiltin-declaration-mismatch]
 char stpcpy ();
      ^~~~~~
configure:6733: $? = 0
configure:6733: result: yes
configure:6733: checking for strcasecmp
configure:6733: gcc -o conftest -g -O2   conftest.c  >&5
conftest.c:83:6: warning: conflicting types for built-in function 'strcasecmp' [-Wbuiltin-declaration-mismatch]
 char strcasecmp ();
      ^~~~~~~~~~
configure:6733: $? = 0
configure:6733: result: yes
configure:6733: checking for strdup
configure:6733: gcc -o conftest -g -O2   conftest.c  >&5
conftest.c:84:6: warning: conflicting types for built-in function 'strdup' [-Wbuiltin-declaration-mismatch]
 char strdup ();
      ^~~~~~
configure:6733: $? = 0
configure:6733: result: yes
configure:6733: checking for strtoul
configure:6733: gcc -o conftest -g -O2   conftest.c  >&5
configure:6733: $? = 0
configure:6733: result: yes
configure:6733: checking for tsearch
configure:6733: gcc -o conftest -g -O2   conftest.c  >&5
configure:6733: $? = 0
configure:6733: result: yes
configure:6733: checking for __argz_count
configure:6733: gcc -o conftest -g -O2   conftest.c  >&5
configure:6733: $? = 0
configure:6733: result: yes
configure:6733: checking for __argz_stringify
configure:6733: gcc -o conftest -g -O2   conftest.c  >&5
configure:6733: $? = 0
configure:6733: result: yes
configure:6733: checking for __argz_next
configure:6733: gcc -o conftest -g -O2   conftest.c  >&5
configure:6733: $? = 0
configure:6733: result: yes
configure:6773: checking for iconv
configure:6795: gcc -o conftest -g -O2   conftest.c  >&5
configure:6795: $? = 0
configure:6827: result: yes
configure:6848: checking for iconv declaration
configure:6877: gcc -c -g -O2  conftest.c >&5
configure:6877: $? = 0
configure:6888: result: 
         extern size_t iconv (iconv_t cd, char * *inbuf, size_t *inbytesleft, char * *outbuf, size_t *outbytesleft);
configure:6899: checking for nl_langinfo and CODESET
configure:6915: gcc -o conftest -g -O2   conftest.c  >&5
configure:6915: $? = 0
configure:6924: result: yes
configure:6934: checking for LC_MESSAGES
configure:6950: gcc -o conftest -g -O2   conftest.c  >&5
configure:6950: $? = 0
configure:6958: result: yes
configure:6972: checking for bison
configure:6988: found /usr/bin/bison
configure:6999: result: bison
configure:7013: checking version of bison
configure:7022: result: 3.0.4, ok
configure:7033: checking for gethostbyname
configure:7033: gcc -o conftest -g -O2   conftest.c  >&5
configure:7033: $? = 0
configure:7033: result: yes
configure:7222: checking for socket
configure:7222: gcc -o conftest -g -O2   conftest.c  >&5
configure:7222: $? = 0
configure:7222: result: yes
configure:7315: checking for putmsg in -lstr
configure:7340: gcc -o conftest -g -O2   conftest.c -lstr   >&5
/usr/bin/ld: cannot find -lstr
collect2: error: ld returned 1 exit status
configure:7340: $? = 1
configure: failed program was:
| /* confdefs.h */
| #define PACKAGE_NAME ""
| #define PACKAGE_TARNAME ""
| #define PACKAGE_VERSION ""
| #define PACKAGE_STRING ""
| #define PACKAGE_BUGREPORT ""
| #define PACKAGE_URL ""
| #define PACKAGE "netcat"
| #define VERSION "0.7.1"
| #define ENABLE_NLS 1
| #define HAVE_GETTEXT 1
| #define HAVE_DCGETTEXT 1
| #define STDC_HEADERS 1
| #define HAVE_SYS_TYPES_H 1
| #define HAVE_SYS_STAT_H 1
| #define HAVE_STDLIB_H 1
| #define HAVE_STRING_H 1
| #define HAVE_MEMORY_H 1
| #define HAVE_STRINGS_H 1
| #define HAVE_INTTYPES_H 1
| #define HAVE_STDINT_H 1
| #define HAVE_UNISTD_H 1
| #define HAVE_ALLOCA_H 1
| #define HAVE_ALLOCA 1
| #define HAVE_STDLIB_H 1
| #define HAVE_UNISTD_H 1
| #define HAVE_SYS_PARAM_H 1
| #define HAVE_GETPAGESIZE 1
| #define HAVE_MMAP 1
| #define INTDIV0_RAISES_SIGFPE 1
| #define HAVE_INTTYPES_H_WITH_UINTMAX 1
| #define HAVE_STDINT_H_WITH_UINTMAX 1
| #define HAVE_UNSIGNED_LONG_LONG 1
| #define HAVE_INTTYPES_H 1
| #define HAVE_ARGZ_H 1
| #define HAVE_LIMITS_H 1
| #define HAVE_LOCALE_H 1
| #define HAVE_NL_TYPES_H 1
| #define HAVE_MALLOC_H 1
| #define HAVE_STDDEF_H 1
| #define HAVE_STDLIB_H 1
| #define HAVE_STRING_H 1
| #define HAVE_UNISTD_H 1
| #define HAVE_SYS_PARAM_H 1
| #define HAVE_FEOF_UNLOCKED 1
| #define HAVE_FGETS_UNLOCKED 1
| #define HAVE_GETC_UNLOCKED 1
| #define HAVE_GETCWD 1
| #define HAVE_GETEGID 1
| #define HAVE_GETEUID 1
| #define HAVE_GETGID 1
| #define HAVE_GETUID 1
| #define HAVE_MEMPCPY 1
| #define HAVE_MUNMAP 1
| #define HAVE_PUTENV 1
| #define HAVE_SETENV 1
| #define HAVE_SETLOCALE 1
| #define HAVE_STPCPY 1
| #define HAVE_STRCASECMP 1
| #define HAVE_STRDUP 1
| #define HAVE_STRTOUL 1
| #define HAVE_TSEARCH 1
| #define HAVE___ARGZ_COUNT 1
| #define HAVE___ARGZ_STRINGIFY 1
| #define HAVE___ARGZ_NEXT 1
| #define HAVE_ICONV 1
| #define ICONV_CONST 
| #define HAVE_LANGINFO_CODESET 1
| #define HAVE_LC_MESSAGES 1
| /* end confdefs.h.  */
| 
| /* Override any GCC internal prototype to avoid an error.
|    Use char because int might match the return type of a GCC
|    builtin and then its argument prototype would still apply.  */
| #ifdef __cplusplus
| extern "C"
| #endif
| char putmsg ();
| int
| main ()
| {
| return putmsg ();
|   ;
|   return 0;
| }
configure:7349: result: no
configure:7364: checking sys/sockio.h usability
configure:7364: gcc -c -g -O2  conftest.c >&5
conftest.c:104:10: fatal error: sys/sockio.h: No such file or directory
 #include <sys/sockio.h>
          ^~~~~~~~~~~~~~
compilation terminated.
configure:7364: $? = 1
configure: failed program was:
| /* confdefs.h */
| #define PACKAGE_NAME ""
| #define PACKAGE_TARNAME ""
| #define PACKAGE_VERSION ""
| #define PACKAGE_STRING ""
| #define PACKAGE_BUGREPORT ""
| #define PACKAGE_URL ""
| #define PACKAGE "netcat"
| #define VERSION "0.7.1"
| #define ENABLE_NLS 1
| #define HAVE_GETTEXT 1
| #define HAVE_DCGETTEXT 1
| #define STDC_HEADERS 1
| #define HAVE_SYS_TYPES_H 1
| #define HAVE_SYS_STAT_H 1
| #define HAVE_STDLIB_H 1
| #define HAVE_STRING_H 1
| #define HAVE_MEMORY_H 1
| #define HAVE_STRINGS_H 1
| #define HAVE_INTTYPES_H 1
| #define HAVE_STDINT_H 1
| #define HAVE_UNISTD_H 1
| #define HAVE_ALLOCA_H 1
| #define HAVE_ALLOCA 1
| #define HAVE_STDLIB_H 1
| #define HAVE_UNISTD_H 1
| #define HAVE_SYS_PARAM_H 1
| #define HAVE_GETPAGESIZE 1
| #define HAVE_MMAP 1
| #define INTDIV0_RAISES_SIGFPE 1
| #define HAVE_INTTYPES_H_WITH_UINTMAX 1
| #define HAVE_STDINT_H_WITH_UINTMAX 1
| #define HAVE_UNSIGNED_LONG_LONG 1
| #define HAVE_INTTYPES_H 1
| #define HAVE_ARGZ_H 1
| #define HAVE_LIMITS_H 1
| #define HAVE_LOCALE_H 1
| #define HAVE_NL_TYPES_H 1
| #define HAVE_MALLOC_H 1
| #define HAVE_STDDEF_H 1
| #define HAVE_STDLIB_H 1
| #define HAVE_STRING_H 1
| #define HAVE_UNISTD_H 1
| #define HAVE_SYS_PARAM_H 1
| #define HAVE_FEOF_UNLOCKED 1
| #define HAVE_FGETS_UNLOCKED 1
| #define HAVE_GETC_UNLOCKED 1
| #define HAVE_GETCWD 1
| #define HAVE_GETEGID 1
| #define HAVE_GETEUID 1
| #define HAVE_GETGID 1
| #define HAVE_GETUID 1
| #define HAVE_MEMPCPY 1
| #define HAVE_MUNMAP 1
| #define HAVE_PUTENV 1
| #define HAVE_SETENV 1
| #define HAVE_SETLOCALE 1
| #define HAVE_STPCPY 1
| #define HAVE_STRCASECMP 1
| #define HAVE_STRDUP 1
| #define HAVE_STRTOUL 1
| #define HAVE_TSEARCH 1
| #define HAVE___ARGZ_COUNT 1
| #define HAVE___ARGZ_STRINGIFY 1
| #define HAVE___ARGZ_NEXT 1
| #define HAVE_ICONV 1
| #define ICONV_CONST 
| #define HAVE_LANGINFO_CODESET 1
| #define HAVE_LC_MESSAGES 1
| /* end confdefs.h.  */
| #include <stdio.h>
| #ifdef HAVE_SYS_TYPES_H
| # include <sys/types.h>
| #endif
| #ifdef HAVE_SYS_STAT_H
| # include <sys/stat.h>
| #endif
| #ifdef STDC_HEADERS
| # include <stdlib.h>
| # include <stddef.h>
| #else
| # ifdef HAVE_STDLIB_H
| #  include <stdlib.h>
| # endif
| #endif
| #ifdef HAVE_STRING_H
| # if !defined STDC_HEADERS && defined HAVE_MEMORY_H
| #  include <memory.h>
| # endif
| # include <string.h>
| #endif
| #ifdef HAVE_STRINGS_H
| # include <strings.h>
| #endif
| #ifdef HAVE_INTTYPES_H
| # include <inttypes.h>
| #endif
| #ifdef HAVE_STDINT_H
| # include <stdint.h>
| #endif
| #ifdef HAVE_UNISTD_H
| # include <unistd.h>
| #endif
| #include <sys/sockio.h>
configure:7364: result: no
configure:7364: checking sys/sockio.h presence
configure:7364: gcc -E  conftest.c
conftest.c:71:10: fatal error: sys/sockio.h: No such file or directory
 #include <sys/sockio.h>
          ^~~~~~~~~~~~~~
compilation terminated.
configure:7364: $? = 1
configure: failed program was:
| /* confdefs.h */
| #define PACKAGE_NAME ""
| #define PACKAGE_TARNAME ""
| #define PACKAGE_VERSION ""
| #define PACKAGE_STRING ""
| #define PACKAGE_BUGREPORT ""
| #define PACKAGE_URL ""
| #define PACKAGE "netcat"
| #define VERSION "0.7.1"
| #define ENABLE_NLS 1
| #define HAVE_GETTEXT 1
| #define HAVE_DCGETTEXT 1
| #define STDC_HEADERS 1
| #define HAVE_SYS_TYPES_H 1
| #define HAVE_SYS_STAT_H 1
| #define HAVE_STDLIB_H 1
| #define HAVE_STRING_H 1
| #define HAVE_MEMORY_H 1
| #define HAVE_STRINGS_H 1
| #define HAVE_INTTYPES_H 1
| #define HAVE_STDINT_H 1
| #define HAVE_UNISTD_H 1
| #define HAVE_ALLOCA_H 1
| #define HAVE_ALLOCA 1
| #define HAVE_STDLIB_H 1
| #define HAVE_UNISTD_H 1
| #define HAVE_SYS_PARAM_H 1
| #define HAVE_GETPAGESIZE 1
| #define HAVE_MMAP 1
| #define INTDIV0_RAISES_SIGFPE 1
| #define HAVE_INTTYPES_H_WITH_UINTMAX 1
| #define HAVE_STDINT_H_WITH_UINTMAX 1
| #define HAVE_UNSIGNED_LONG_LONG 1
| #define HAVE_INTTYPES_H 1
| #define HAVE_ARGZ_H 1
| #define HAVE_LIMITS_H 1
| #define HAVE_LOCALE_H 1
| #define HAVE_NL_TYPES_H 1
| #define HAVE_MALLOC_H 1
| #define HAVE_STDDEF_H 1
| #define HAVE_STDLIB_H 1
| #define HAVE_STRING_H 1
| #define HAVE_UNISTD_H 1
| #define HAVE_SYS_PARAM_H 1
| #define HAVE_FEOF_UNLOCKED 1
| #define HAVE_FGETS_UNLOCKED 1
| #define HAVE_GETC_UNLOCKED 1
| #define HAVE_GETCWD 1
| #define HAVE_GETEGID 1
| #define HAVE_GETEUID 1
| #define HAVE_GETGID 1
| #define HAVE_GETUID 1
| #define HAVE_MEMPCPY 1
| #define HAVE_MUNMAP 1
| #define HAVE_PUTENV 1
| #define HAVE_SETENV 1
| #define HAVE_SETLOCALE 1
| #define HAVE_STPCPY 1
| #define HAVE_STRCASECMP 1
| #define HAVE_STRDUP 1
| #define HAVE_STRTOUL 1
| #define HAVE_TSEARCH 1
| #define HAVE___ARGZ_COUNT 1
| #define HAVE___ARGZ_STRINGIFY 1
| #define HAVE___ARGZ_NEXT 1
| #define HAVE_ICONV 1
| #define ICONV_CONST 
| #define HAVE_LANGINFO_CODESET 1
| #define HAVE_LC_MESSAGES 1
| /* end confdefs.h.  */
| #include <sys/sockio.h>
configure:7364: result: no
configure:7364: checking for sys/sockio.h
configure:7364: result: no
configure:7378: checking for srandom
configure:7378: gcc -o conftest -g -O2   conftest.c  >&5
configure:7378: $? = 0
configure:7378: result: yes
configure:7378: checking for random
configure:7378: gcc -o conftest -g -O2   conftest.c  >&5
configure:7378: $? = 0
configure:7378: result: yes
configure:7406: checking for inet_pton
configure:7406: gcc -o conftest -g -O2   conftest.c  >&5
configure:7406: $? = 0
configure:7406: result: yes
configure:7406: checking for inet_ntop
configure:7406: gcc -o conftest -g -O2   conftest.c  >&5
configure:7406: $? = 0
configure:7406: result: yes
configure:7416: checking for struct sockaddr.sa_len
configure:7416: gcc -c -g -O2  conftest.c >&5
conftest.c: In function 'main':
conftest.c:82:12: error: 'struct sockaddr' has no member named 'sa_len'
 if (ac_aggr.sa_len)
            ^
configure:7416: $? = 1
configure: failed program was:
| /* confdefs.h */
| #define PACKAGE_NAME ""
| #define PACKAGE_TARNAME ""
| #define PACKAGE_VERSION ""
| #define PACKAGE_STRING ""
| #define PACKAGE_BUGREPORT ""
| #define PACKAGE_URL ""
| #define PACKAGE "netcat"
| #define VERSION "0.7.1"
| #define ENABLE_NLS 1
| #define HAVE_GETTEXT 1
| #define HAVE_DCGETTEXT 1
| #define STDC_HEADERS 1
| #define HAVE_SYS_TYPES_H 1
| #define HAVE_SYS_STAT_H 1
| #define HAVE_STDLIB_H 1
| #define HAVE_STRING_H 1
| #define HAVE_MEMORY_H 1
| #define HAVE_STRINGS_H 1
| #define HAVE_INTTYPES_H 1
| #define HAVE_STDINT_H 1
| #define HAVE_UNISTD_H 1
| #define HAVE_ALLOCA_H 1
| #define HAVE_ALLOCA 1
| #define HAVE_STDLIB_H 1
| #define HAVE_UNISTD_H 1
| #define HAVE_SYS_PARAM_H 1
| #define HAVE_GETPAGESIZE 1
| #define HAVE_MMAP 1
| #define INTDIV0_RAISES_SIGFPE 1
| #define HAVE_INTTYPES_H_WITH_UINTMAX 1
| #define HAVE_STDINT_H_WITH_UINTMAX 1
| #define HAVE_UNSIGNED_LONG_LONG 1
| #define HAVE_INTTYPES_H 1
| #define HAVE_ARGZ_H 1
| #define HAVE_LIMITS_H 1
| #define HAVE_LOCALE_H 1
| #define HAVE_NL_TYPES_H 1
| #define HAVE_MALLOC_H 1
| #define HAVE_STDDEF_H 1
| #define HAVE_STDLIB_H 1
| #define HAVE_STRING_H 1
| #define HAVE_UNISTD_H 1
| #define HAVE_SYS_PARAM_H 1
| #define HAVE_FEOF_UNLOCKED 1
| #define HAVE_FGETS_UNLOCKED 1
| #define HAVE_GETC_UNLOCKED 1
| #define HAVE_GETCWD 1
| #define HAVE_GETEGID 1
| #define HAVE_GETEUID 1
| #define HAVE_GETGID 1
| #define HAVE_GETUID 1
| #define HAVE_MEMPCPY 1
| #define HAVE_MUNMAP 1
| #define HAVE_PUTENV 1
| #define HAVE_SETENV 1
| #define HAVE_SETLOCALE 1
| #define HAVE_STPCPY 1
| #define HAVE_STRCASECMP 1
| #define HAVE_STRDUP 1
| #define HAVE_STRTOUL 1
| #define HAVE_TSEARCH 1
| #define HAVE___ARGZ_COUNT 1
| #define HAVE___ARGZ_STRINGIFY 1
| #define HAVE___ARGZ_NEXT 1
| #define HAVE_ICONV 1
| #define ICONV_CONST 
| #define HAVE_LANGINFO_CODESET 1
| #define HAVE_LC_MESSAGES 1
| #define HAVE_SRANDOM 1
| #define HAVE_RANDOM 1
| #define HAVE_INET_PTON 1
| #define HAVE_INET_NTOP 1
| /* end confdefs.h.  */
| #include <sys/types.h>
| #include <sys/socket.h>
| 
| int
| main ()
| {
| static struct sockaddr ac_aggr;
| if (ac_aggr.sa_len)
| return 0;
|   ;
|   return 0;
| }
configure:7416: gcc -c -g -O2  conftest.c >&5
conftest.c: In function 'main':
conftest.c:82:19: error: 'struct sockaddr' has no member named 'sa_len'
 if (sizeof ac_aggr.sa_len)
                   ^
configure:7416: $? = 1
configure: failed program was:
| /* confdefs.h */
| #define PACKAGE_NAME ""
| #define PACKAGE_TARNAME ""
| #define PACKAGE_VERSION ""
| #define PACKAGE_STRING ""
| #define PACKAGE_BUGREPORT ""
| #define PACKAGE_URL ""
| #define PACKAGE "netcat"
| #define VERSION "0.7.1"
| #define ENABLE_NLS 1
| #define HAVE_GETTEXT 1
| #define HAVE_DCGETTEXT 1
| #define STDC_HEADERS 1
| #define HAVE_SYS_TYPES_H 1
| #define HAVE_SYS_STAT_H 1
| #define HAVE_STDLIB_H 1
| #define HAVE_STRING_H 1
| #define HAVE_MEMORY_H 1
| #define HAVE_STRINGS_H 1
| #define HAVE_INTTYPES_H 1
| #define HAVE_STDINT_H 1
| #define HAVE_UNISTD_H 1
| #define HAVE_ALLOCA_H 1
| #define HAVE_ALLOCA 1
| #define HAVE_STDLIB_H 1
| #define HAVE_UNISTD_H 1
| #define HAVE_SYS_PARAM_H 1
| #define HAVE_GETPAGESIZE 1
| #define HAVE_MMAP 1
| #define INTDIV0_RAISES_SIGFPE 1
| #define HAVE_INTTYPES_H_WITH_UINTMAX 1
| #define HAVE_STDINT_H_WITH_UINTMAX 1
| #define HAVE_UNSIGNED_LONG_LONG 1
| #define HAVE_INTTYPES_H 1
| #define HAVE_ARGZ_H 1
| #define HAVE_LIMITS_H 1
| #define HAVE_LOCALE_H 1
| #define HAVE_NL_TYPES_H 1
| #define HAVE_MALLOC_H 1
| #define HAVE_STDDEF_H 1
| #define HAVE_STDLIB_H 1
| #define HAVE_STRING_H 1
| #define HAVE_UNISTD_H 1
| #define HAVE_SYS_PARAM_H 1
| #define HAVE_FEOF_UNLOCKED 1
| #define HAVE_FGETS_UNLOCKED 1
| #define HAVE_GETC_UNLOCKED 1
| #define HAVE_GETCWD 1
| #define HAVE_GETEGID 1
| #define HAVE_GETEUID 1
| #define HAVE_GETGID 1
| #define HAVE_GETUID 1
| #define HAVE_MEMPCPY 1
| #define HAVE_MUNMAP 1
| #define HAVE_PUTENV 1
| #define HAVE_SETENV 1
| #define HAVE_SETLOCALE 1
| #define HAVE_STPCPY 1
| #define HAVE_STRCASECMP 1
| #define HAVE_STRDUP 1
| #define HAVE_STRTOUL 1
| #define HAVE_TSEARCH 1
| #define HAVE___ARGZ_COUNT 1
| #define HAVE___ARGZ_STRINGIFY 1
| #define HAVE___ARGZ_NEXT 1
| #define HAVE_ICONV 1
| #define ICONV_CONST 
| #define HAVE_LANGINFO_CODESET 1
| #define HAVE_LC_MESSAGES 1
| #define HAVE_SRANDOM 1
| #define HAVE_RANDOM 1
| #define HAVE_INET_PTON 1
| #define HAVE_INET_NTOP 1
| /* end confdefs.h.  */
| #include <sys/types.h>
| #include <sys/socket.h>
| 
| int
| main ()
| {
| static struct sockaddr ac_aggr;
| if (sizeof ac_aggr.sa_len)
| return 0;
|   ;
|   return 0;
| }
configure:7416: result: no
configure:7429: checking for struct in_pktinfo
configure:7429: gcc -c -g -O2  conftest.c >&5
configure:7429: $? = 0
configure:7429: gcc -c -g -O2  conftest.c >&5
conftest.c: In function 'main':
conftest.c:81:32: error: expected expression before ')' token
 if (sizeof ((struct in_pktinfo)))
                                ^
configure:7429: $? = 1
configure: failed program was:
| /* confdefs.h */
| #define PACKAGE_NAME ""
| #define PACKAGE_TARNAME ""
| #define PACKAGE_VERSION ""
| #define PACKAGE_STRING ""
| #define PACKAGE_BUGREPORT ""
| #define PACKAGE_URL ""
| #define PACKAGE "netcat"
| #define VERSION "0.7.1"
| #define ENABLE_NLS 1
| #define HAVE_GETTEXT 1
| #define HAVE_DCGETTEXT 1
| #define STDC_HEADERS 1
| #define HAVE_SYS_TYPES_H 1
| #define HAVE_SYS_STAT_H 1
| #define HAVE_STDLIB_H 1
| #define HAVE_STRING_H 1
| #define HAVE_MEMORY_H 1
| #define HAVE_STRINGS_H 1
| #define HAVE_INTTYPES_H 1
| #define HAVE_STDINT_H 1
| #define HAVE_UNISTD_H 1
| #define HAVE_ALLOCA_H 1
| #define HAVE_ALLOCA 1
| #define HAVE_STDLIB_H 1
| #define HAVE_UNISTD_H 1
| #define HAVE_SYS_PARAM_H 1
| #define HAVE_GETPAGESIZE 1
| #define HAVE_MMAP 1
| #define INTDIV0_RAISES_SIGFPE 1
| #define HAVE_INTTYPES_H_WITH_UINTMAX 1
| #define HAVE_STDINT_H_WITH_UINTMAX 1
| #define HAVE_UNSIGNED_LONG_LONG 1
| #define HAVE_INTTYPES_H 1
| #define HAVE_ARGZ_H 1
| #define HAVE_LIMITS_H 1
| #define HAVE_LOCALE_H 1
| #define HAVE_NL_TYPES_H 1
| #define HAVE_MALLOC_H 1
| #define HAVE_STDDEF_H 1
| #define HAVE_STDLIB_H 1
| #define HAVE_STRING_H 1
| #define HAVE_UNISTD_H 1
| #define HAVE_SYS_PARAM_H 1
| #define HAVE_FEOF_UNLOCKED 1
| #define HAVE_FGETS_UNLOCKED 1
| #define HAVE_GETC_UNLOCKED 1
| #define HAVE_GETCWD 1
| #define HAVE_GETEGID 1
| #define HAVE_GETEUID 1
| #define HAVE_GETGID 1
| #define HAVE_GETUID 1
| #define HAVE_MEMPCPY 1
| #define HAVE_MUNMAP 1
| #define HAVE_PUTENV 1
| #define HAVE_SETENV 1
| #define HAVE_SETLOCALE 1
| #define HAVE_STPCPY 1
| #define HAVE_STRCASECMP 1
| #define HAVE_STRDUP 1
| #define HAVE_STRTOUL 1
| #define HAVE_TSEARCH 1
| #define HAVE___ARGZ_COUNT 1
| #define HAVE___ARGZ_STRINGIFY 1
| #define HAVE___ARGZ_NEXT 1
| #define HAVE_ICONV 1
| #define ICONV_CONST 
| #define HAVE_LANGINFO_CODESET 1
| #define HAVE_LC_MESSAGES 1
| #define HAVE_SRANDOM 1
| #define HAVE_RANDOM 1
| #define HAVE_INET_PTON 1
| #define HAVE_INET_NTOP 1
| /* end confdefs.h.  */
| #include <sys/types.h>
| #include <netinet/in.h>
| 
| int
| main ()
| {
| if (sizeof ((struct in_pktinfo)))
| 	    return 0;
|   ;
|   return 0;
| }
configure:7429: result: yes
configure:7440: checking for in_port_t
configure:7440: gcc -c -g -O2  conftest.c >&5
configure:7440: $? = 0
configure:7440: gcc -c -g -O2  conftest.c >&5
conftest.c: In function 'main':
conftest.c:82:24: error: expected expression before ')' token
 if (sizeof ((in_port_t)))
                        ^
configure:7440: $? = 1
configure: failed program was:
| /* confdefs.h */
| #define PACKAGE_NAME ""
| #define PACKAGE_TARNAME ""
| #define PACKAGE_VERSION ""
| #define PACKAGE_STRING ""
| #define PACKAGE_BUGREPORT ""
| #define PACKAGE_URL ""
| #define PACKAGE "netcat"
| #define VERSION "0.7.1"
| #define ENABLE_NLS 1
| #define HAVE_GETTEXT 1
| #define HAVE_DCGETTEXT 1
| #define STDC_HEADERS 1
| #define HAVE_SYS_TYPES_H 1
| #define HAVE_SYS_STAT_H 1
| #define HAVE_STDLIB_H 1
| #define HAVE_STRING_H 1
| #define HAVE_MEMORY_H 1
| #define HAVE_STRINGS_H 1
| #define HAVE_INTTYPES_H 1
| #define HAVE_STDINT_H 1
| #define HAVE_UNISTD_H 1
| #define HAVE_ALLOCA_H 1
| #define HAVE_ALLOCA 1
| #define HAVE_STDLIB_H 1
| #define HAVE_UNISTD_H 1
| #define HAVE_SYS_PARAM_H 1
| #define HAVE_GETPAGESIZE 1
| #define HAVE_MMAP 1
| #define INTDIV0_RAISES_SIGFPE 1
| #define HAVE_INTTYPES_H_WITH_UINTMAX 1
| #define HAVE_STDINT_H_WITH_UINTMAX 1
| #define HAVE_UNSIGNED_LONG_LONG 1
| #define HAVE_INTTYPES_H 1
| #define HAVE_ARGZ_H 1
| #define HAVE_LIMITS_H 1
| #define HAVE_LOCALE_H 1
| #define HAVE_NL_TYPES_H 1
| #define HAVE_MALLOC_H 1
| #define HAVE_STDDEF_H 1
| #define HAVE_STDLIB_H 1
| #define HAVE_STRING_H 1
| #define HAVE_UNISTD_H 1
| #define HAVE_SYS_PARAM_H 1
| #define HAVE_FEOF_UNLOCKED 1
| #define HAVE_FGETS_UNLOCKED 1
| #define HAVE_GETC_UNLOCKED 1
| #define HAVE_GETCWD 1
| #define HAVE_GETEGID 1
| #define HAVE_GETEUID 1
| #define HAVE_GETGID 1
| #define HAVE_GETUID 1
| #define HAVE_MEMPCPY 1
| #define HAVE_MUNMAP 1
| #define HAVE_PUTENV 1
| #define HAVE_SETENV 1
| #define HAVE_SETLOCALE 1
| #define HAVE_STPCPY 1
| #define HAVE_STRCASECMP 1
| #define HAVE_STRDUP 1
| #define HAVE_STRTOUL 1
| #define HAVE_TSEARCH 1
| #define HAVE___ARGZ_COUNT 1
| #define HAVE___ARGZ_STRINGIFY 1
| #define HAVE___ARGZ_NEXT 1
| #define HAVE_ICONV 1
| #define ICONV_CONST 
| #define HAVE_LANGINFO_CODESET 1
| #define HAVE_LC_MESSAGES 1
| #define HAVE_SRANDOM 1
| #define HAVE_RANDOM 1
| #define HAVE_INET_PTON 1
| #define HAVE_INET_NTOP 1
| #define HAVE_STRUCT_IN_PKTINFO 1
| /* end confdefs.h.  */
| #include <sys/types.h>
| #include <netinet/in.h>
| 
| int
| main ()
| {
| if (sizeof ((in_port_t)))
| 	    return 0;
|   ;
|   return 0;
| }
configure:7440: result: yes
configure:7530: checking for getopt_long
configure:7530: gcc -o conftest -g -O2 -Wall   conftest.c  >&5
configure:7530: $? = 0
configure:7530: result: yes
configure:7693: creating ./config.status

## ---------------------- ##
## Running config.status. ##
## ---------------------- ##

This file was extended by config.status, which was
generated by GNU Autoconf 2.69.  Invocation command line was

  CONFIG_FILES    = 
  CONFIG_HEADERS  = 
  CONFIG_LINKS    = 
  CONFIG_COMMANDS = 
  $ ./config.status 

on briel-Inspiron-5548

config.status:949: creating Makefile
config.status:1052: WARNING:  'Makefile.in' seems to ignore the --datarootdir setting
config.status:949: creating m4/Makefile
config.status:1052: WARNING:  'm4/Makefile.in' seems to ignore the --datarootdir setting
config.status:949: creating lib/Makefile
config.status:1052: WARNING:  'lib/Makefile.in' seems to ignore the --datarootdir setting
config.status:949: creating lib/contrib/Makefile
config.status:1052: WARNING:  'lib/contrib/Makefile.in' seems to ignore the --datarootdir setting
config.status:949: creating src/Makefile
config.status:1052: WARNING:  'src/Makefile.in' seems to ignore the --datarootdir setting
config.status:949: creating doc/Makefile
config.status:1052: WARNING:  'doc/Makefile.in' seems to ignore the --datarootdir setting
config.status:949: creating doc/drafts/Makefile
config.status:1052: WARNING:  'doc/drafts/Makefile.in' seems to ignore the --datarootdir setting
config.status:949: creating po/Makefile.in
config.status:1052: WARNING:  'po/Makefile.in.in' seems to ignore the --datarootdir setting
config.status:949: creating doc/texi2pod.pl
config.status:949: creating config.h
config.status:1124: config.h is unchanged
config.status:1171: executing depfiles commands
config.status:1171: executing default-1 commands

## ---------------- ##
## Cache variables. ##
## ---------------- ##

ac_cv_build=x86_64-unknown-linux-gnu
ac_cv_c_compiler_gnu=yes
ac_cv_c_const=yes
ac_cv_c_inline=inline
ac_cv_env_CC_set=
ac_cv_env_CC_value=
ac_cv_env_CFLAGS_set=
ac_cv_env_CFLAGS_value=
ac_cv_env_CPPFLAGS_set=
ac_cv_env_CPPFLAGS_value=
ac_cv_env_CPP_set=
ac_cv_env_CPP_value=
ac_cv_env_LDFLAGS_set=
ac_cv_env_LDFLAGS_value=
ac_cv_env_LIBS_set=
ac_cv_env_LIBS_value=
ac_cv_env_build_alias_set=
ac_cv_env_build_alias_value=
ac_cv_env_host_alias_set=
ac_cv_env_host_alias_value=
ac_cv_env_target_alias_set=
ac_cv_env_target_alias_value=
ac_cv_func___argz_count=yes
ac_cv_func___argz_next=yes
ac_cv_func___argz_stringify=yes
ac_cv_func_alloca_works=yes
ac_cv_func_feof_unlocked=yes
ac_cv_func_fgets_unlocked=yes
ac_cv_func_getc_unlocked=yes
ac_cv_func_getcwd=yes
ac_cv_func_getegid=yes
ac_cv_func_geteuid=yes
ac_cv_func_getgid=yes
ac_cv_func_gethostbyname=yes
ac_cv_func_getopt_long=yes
ac_cv_func_getpagesize=yes
ac_cv_func_getuid=yes
ac_cv_func_inet_ntop=yes
ac_cv_func_inet_pton=yes
ac_cv_func_mempcpy=yes
ac_cv_func_mmap_fixed_mapped=yes
ac_cv_func_munmap=yes
ac_cv_func_putenv=yes
ac_cv_func_random=yes
ac_cv_func_setenv=yes
ac_cv_func_setlocale=yes
ac_cv_func_socket=yes
ac_cv_func_srandom=yes
ac_cv_func_stpcpy=yes
ac_cv_func_strcasecmp=yes
ac_cv_func_strdup=yes
ac_cv_func_strtoul=yes
ac_cv_func_tsearch=yes
ac_cv_gnu_library_2_1=yes
ac_cv_header_argz_h=yes
ac_cv_header_inttypes_h=yes
ac_cv_header_limits_h=yes
ac_cv_header_locale_h=yes
ac_cv_header_malloc_h=yes
ac_cv_header_memory_h=yes
ac_cv_header_nl_types_h=yes
ac_cv_header_stdc=yes
ac_cv_header_stddef_h=yes
ac_cv_header_stdint_h=yes
ac_cv_header_stdlib_h=yes
ac_cv_header_string_h=yes
ac_cv_header_strings_h=yes
ac_cv_header_sys_param_h=yes
ac_cv_header_sys_sockio_h=no
ac_cv_header_sys_stat_h=yes
ac_cv_header_sys_types_h=yes
ac_cv_header_unistd_h=yes
ac_cv_host=x86_64-unknown-linux-gnu
ac_cv_lib_cposix_strerror=no
ac_cv_lib_str_putmsg=no
ac_cv_member_struct_sockaddr_sa_len=no
ac_cv_objext=o
ac_cv_path_EGREP='/bin/grep -E'
ac_cv_path_GMSGFMT=/usr/bin/msgfmt
ac_cv_path_GREP=/bin/grep
ac_cv_path_MSGFMT=/usr/bin/msgfmt
ac_cv_path_MSGMERGE=/usr/bin/msgmerge
ac_cv_path_PERL=/usr/bin/perl
ac_cv_path_POD2MAN=/usr/bin/pod2man
ac_cv_path_XGETTEXT=/usr/bin/xgettext
ac_cv_path_install='/usr/bin/install -c'
ac_cv_prog_AWK=gawk
ac_cv_prog_CPP='gcc -E'
ac_cv_prog_INTLBISON=bison
ac_cv_prog_ac_ct_CC=gcc
ac_cv_prog_ac_ct_RANLIB=ranlib
ac_cv_prog_cc_c89=
ac_cv_prog_cc_g=yes
ac_cv_prog_make_make_set=yes
ac_cv_target=x86_64-unknown-linux-gnu
ac_cv_type_in_port_t=yes
ac_cv_type_off_t=yes
ac_cv_type_size_t=yes
ac_cv_type_struct_in_pktinfo=yes
ac_cv_type_unsigned_long_long=yes
ac_cv_working_alloca_h=yes
acl_cv_hardcode_direct=no
acl_cv_hardcode_libdir_flag_spec='${wl}-rpath ${wl}$libdir'
acl_cv_hardcode_libdir_separator=
acl_cv_hardcode_minus_L=no
acl_cv_libext=a
acl_cv_path_LD=/usr/bin/ld
acl_cv_prog_gnu_ld=yes
acl_cv_rpath=done
acl_cv_shlibext=so
acl_cv_sys_lib_dlsearch_path_spec='/lib /usr/lib'
acl_cv_sys_lib_search_path_spec='/lib /usr/lib /usr/local/lib'
acl_cv_wl=-Wl,
am_cv_CC_dependencies_compiler_type=none
am_cv_func_iconv=yes
am_cv_langinfo_codeset=yes
am_cv_lib_iconv=no
am_cv_proto_iconv='extern size_t iconv (iconv_t cd, char * *inbuf, size_t *inbytesleft, char * *outbuf, size_t *outbytesleft);'
am_cv_proto_iconv_arg1=
am_cv_val_LC_MESSAGES=yes
gt_cv_func_gnugettext2_libc=yes
gt_cv_header_inttypes_h=yes
gt_cv_int_divbyzero_sigfpe=yes
gt_cv_inttypes_pri_broken=no
jm_ac_cv_header_inttypes_h=yes
jm_ac_cv_header_stdint_h=yes

## ----------------- ##
## Output variables. ##
## ----------------- ##

ACLOCAL='${SHELL} /data/ucs/netcat_ucs_class/missing --run aclocal-1.7'
ALLOCA=''
AMDEPBACKSLASH='\'
AMDEP_FALSE='#'
AMDEP_TRUE=''
AMTAR='${SHELL} /data/ucs/netcat_ucs_class/missing --run tar'
AUTOCONF='${SHELL} /data/ucs/netcat_ucs_class/missing --run autoconf'
AUTOHEADER='${SHELL} /data/ucs/netcat_ucs_class/missing --run autoheader'
AUTOMAKE='${SHELL} /data/ucs/netcat_ucs_class/missing --run automake-1.7'
AWK='gawk'
CC='gcc'
CCDEPMODE='depmode=none'
CFLAGS='-g -O2 -Wall'
CONTRIBLIBS=''
CPP='gcc -E'
CPPFLAGS=''
CYGPATH_W='echo'
DEFS='-DHAVE_CONFIG_H'
DEPDIR='.deps'
ECHO_C=''
ECHO_N='-n'
ECHO_T=''
EGREP='/bin/grep -E'
EXEEXT=''
GLIBC21='yes'
GMSGFMT='/usr/bin/msgfmt'
GREP='/bin/grep'
INSTALL_DATA='${INSTALL} -m 644'
INSTALL_PROGRAM='${INSTALL}'
INSTALL_SCRIPT='${INSTALL}'
INSTALL_STRIP_PROGRAM='${SHELL} $(install_sh) -c -s'
INTLBISON='bison'
INTLLIBS=''
LDFLAGS=''
LIBICONV=''
LIBINTL=''
LIBOBJS=''
LIBS=''
LTLIBICONV=''
LTLIBINTL=''
LTLIBOBJS=''
MAKEINFO='${SHELL} /data/ucs/netcat_ucs_class/missing --run makeinfo'
MKINSTALLDIRS='./mkinstalldirs'
MSGFMT='/usr/bin/msgfmt'
MSGMERGE='/usr/bin/msgmerge'
NEED_GETOPT_FALSE=''
NEED_GETOPT_TRUE='#'
OBJEXT='o'
PACKAGE='netcat'
PACKAGE_BUGREPORT=''
PACKAGE_NAME=''
PACKAGE_STRING=''
PACKAGE_TARNAME=''
PACKAGE_URL=''
PACKAGE_VERSION=''
PATH_SEPARATOR=':'
PERL='/usr/bin/perl'
POD2MAN='/usr/bin/pod2man'
POSUB='po'
RANLIB='ranlib'
SET_MAKE=''
SHELL='/bin/bash'
STRIP=''
USE_NLS='yes'
VERSION='0.7.1'
XGETTEXT='/usr/bin/xgettext'
ac_ct_CC='gcc'
all_includes=' '
all_libraries=' '
am__fastdepCC_FALSE=''
am__fastdepCC_TRUE='#'
am__include='include'
am__leading_dot='.'
am__quote=''
bindir='${exec_prefix}/bin'
build='x86_64-unknown-linux-gnu'
build_alias=''
build_cpu='x86_64'
build_os='linux-gnu'
build_vendor='unknown'
datadir='${datarootdir}'
datarootdir='${prefix}/share'
docdir='${datarootdir}/doc/${PACKAGE}'
dvidir='${docdir}'
exec_prefix='${prefix}'
host='x86_64-unknown-linux-gnu'
host_alias=''
host_cpu='x86_64'
host_os='linux-gnu'
host_vendor='unknown'
htmldir='${docdir}'
includedir='${prefix}/include'
infodir='${datarootdir}/info'
install_sh='/data/ucs/netcat_ucs_class/install-sh'
libdir='${exec_prefix}/lib'
libexecdir='${exec_prefix}/libexec'
localedir='${datarootdir}/locale'
localstatedir='${prefix}/var'
mandir='${datarootdir}/man'
oldincludedir='/usr/include'
pdfdir='${docdir}'
prefix='/usr/local'
program_transform_name='s,x,x,'
psdir='${docdir}'
runstatedir='${localstatedir}/run'
sbindir='${exec_prefix}/sbin'
sharedstatedir='${prefix}/com'
sysconfdir='${prefix}/etc'
target='x86_64-unknown-linux-gnu'
target_alias=''
target_cpu='x86_64'
target_os='linux-gnu'
target_vendor='unknown'

## ----------- ##
## confdefs.h. ##
## ----------- ##

/* confdefs.h */
#define PACKAGE_NAME ""
#define PACKAGE_TARNAME ""
#define PACKAGE_VERSION ""
#define PACKAGE_STRING ""
#define PACKAGE_BUGREPORT ""
#define PACKAGE_URL ""
#define PACKAGE "netcat"
#define VERSION "0.7.1"
#define ENABLE_NLS 1
#define HAVE_GETTEXT 1
#define HAVE_DCGETTEXT 1
#define STDC_HEADERS 1
#define HAVE_SYS_TYPES_H 1
#define HAVE_SYS_STAT_H 1
#define HAVE_STDLIB_H 1
#define HAVE_STRING_H 1
#define HAVE_MEMORY_H 1
#define HAVE_STRINGS_H 1
#define HAVE_INTTYPES_H 1
#define HAVE_STDINT_H 1
#define HAVE_UNISTD_H 1
#define HAVE_ALLOCA_H 1
#define HAVE_ALLOCA 1
#define HAVE_STDLIB_H 1
#define HAVE_UNISTD_H 1
#define HAVE_SYS_PARAM_H 1
#define HAVE_GETPAGESIZE 1
#define HAVE_MMAP 1
#define INTDIV0_RAISES_SIGFPE 1
#define HAVE_INTTYPES_H_WITH_UINTMAX 1
#define HAVE_STDINT_H_WITH_UINTMAX 1
#define HAVE_UNSIGNED_LONG_LONG 1
#define HAVE_INTTYPES_H 1
#define HAVE_ARGZ_H 1
#define HAVE_LIMITS_H 1
#define HAVE_LOCALE_H 1
#define HAVE_NL_TYPES_H 1
#define HAVE_MALLOC_H 1
#define HAVE_STDDEF_H 1
#define HAVE_STDLIB_H 1
#define HAVE_STRING_H 1
#define HAVE_UNISTD_H 1
#define HAVE_SYS_PARAM_H 1
#define HAVE_FEOF_UNLOCKED 1
#define HAVE_FGETS_UNLOCKED 1
#define HAVE_GETC_UNLOCKED 1
#define HAVE_GETCWD 1
#define HAVE_GETEGID 1
#define HAVE_GETEUID 1
#define HAVE_GETGID 1
#define HAVE_GETUID 1
#define HAVE_MEMPCPY 1
#define HAVE_MUNMAP 1
#define HAVE_PUTENV 1
#define HAVE_SETENV 1
#define HAVE_SETLOCALE 1
#define HAVE_STPCPY 1
#define HAVE_STRCASECMP 1
#define HAVE_STRDUP 1
#define HAVE_STRTOUL 1
#define HAVE_TSEARCH 1
#define HAVE___ARGZ_COUNT 1
#define HAVE___ARGZ_STRINGIFY 1
#define HAVE___ARGZ_NEXT 1
#define HAVE_ICONV 1
#define ICONV_CONST 
#define HAVE_LANGINFO_CODESET 1
#define HAVE_LC_MESSAGES 1
#define HAVE_SRANDOM 1
#define HAVE_RANDOM 1
#define HAVE_INET_PTON 1
#define HAVE_INET_NTOP 1
#define HAVE_STRUCT_IN_PKTINFO 1
#define HAVE_IN_PORT_T 1
#define USE_LINUX_SELECT /**/
#define HAVE_GETOPT_LONG 1

configure: exit 0
